<?xml version="1.0" encoding="UTF-8"?>
<!-- Generated by org.testng.reporters.JUnitReportReporter -->
<testsuite skipped="0" hostname="NOCQA-2011" name="com.wtech.grid.TestParallel" tests="1" failures="0" timestamp="2019-12-18T14:38:07 SGT" time="36.990" errors="0">
  <testcase name="appleSite" time="36.990" classname="com.wtech.grid.TestParallel"/>
</testsuite> <!-- com.wtech.grid.TestParallel -->
