<?xml version="1.0" encoding="UTF-8"?>
<!-- Generated by org.testng.reporters.JUnitReportReporter -->
<testsuite hostname="DESKTOP-1IHFUVG" failures="0" tests="1" name="testsuites.New_Compaign_Brand_Awareness" time="4.068" errors="0" timestamp="2020-03-02T16:42:47 PST" skipped="0">
  <testcase classname="testsuites.New_Compaign_Brand_Awareness" name="testMethod1" time="4.068"/>
</testsuite> <!-- testsuites.New_Compaign_Brand_Awareness -->
