<?xml version="1.0" encoding="UTF-8"?>
<!-- Generated by org.testng.reporters.JUnitReportReporter -->
<testsuite skipped="0" hostname="NOCQA-2011" name="testsuites.TestCase1" tests="1" failures="0" timestamp="2020-03-03T21:53:59 SGT" time="0.201" errors="0">
  <testcase name="testMethod1" time="0.201" classname="testsuites.TestCase1"/>
</testsuite> <!-- testsuites.TestCase1 -->
