<?xml version="1.0" encoding="UTF-8"?>
<!-- Generated by org.testng.reporters.JUnitReportReporter -->
<testsuite hostname="NOCQA-2011" failures="0" tests="1" name="testsuites.TestCase1" time="1.602" errors="0" timestamp="2019-11-27T16:01:55 SGT" skipped="0">
  <testcase classname="testsuites.TestCase1" name="testMethod1" time="1.602"/>
</testsuite> <!-- testsuites.TestCase1 -->
